INFO  23:50:03,081 - Compiling source file: C:\Users\Gavrilo\eclipse-workspace\GasicaCompiler\test\program.mj
INFO  23:50:03,104 - #2 program
INFO  23:50:03,104 - #52 test301
INFO  23:50:03,104 - #3 {
INFO  23:50:03,104 - #13 void
INFO  23:50:03,105 - #52 f
INFO  23:50:03,105 - #6 (
INFO  23:50:03,105 - #7 )
INFO  23:50:03,106 - #3 {
INFO  23:50:03,106 - #9 print
INFO  23:50:03,106 - #6 (
INFO  23:50:03,106 - #51 5
INFO  23:50:03,106 - #7 )
INFO  23:50:03,107 - #5 ;
INFO  23:50:03,107 - #9 print
INFO  23:50:03,107 - #6 (
INFO  23:50:03,107 - #51 6
INFO  23:50:03,107 - #7 )
INFO  23:50:03,107 - #5 ;
INFO  23:50:03,107 - #9 print
INFO  23:50:03,107 - #6 (
INFO  23:50:03,108 - #51 7
INFO  23:50:03,108 - #7 )
INFO  23:50:03,108 - #5 ;
INFO  23:50:03,108 - #4 }
INFO  23:50:03,108 - #13 void
INFO  23:50:03,109 - #52 main
INFO  23:50:03,109 - #6 (
INFO  23:50:03,109 - #7 )
INFO  23:50:03,109 - #52 int
INFO  23:50:03,109 - #52 i
INFO  23:50:03,109 - #41 [
INFO  23:50:03,109 - #42 ]
INFO  23:50:03,109 - #5 ;
INFO  23:50:03,109 - #52 int
INFO  23:50:03,110 - #52 k
INFO  23:50:03,110 - #5 ;
INFO  23:50:03,110 - #3 {
INFO  23:50:03,110 - #52 i
INFO  23:50:03,110 - #12 =
INFO  23:50:03,110 - #17 new
INFO  23:50:03,110 - #52 int
INFO  23:50:03,110 - #41 [
INFO  23:50:03,110 - #51 3
INFO  23:50:03,111 - #42 ]
INFO  23:50:03,111 - #5 ;
INFO  23:50:03,111 - #48 skip
INFO  23:50:03,111 - #51 4
INFO  23:50:03,111 - #5 ;
INFO  23:50:03,111 - #52 f
INFO  23:50:03,111 - #6 (
INFO  23:50:03,111 - #7 )
INFO  23:50:03,112 - #5 ;
INFO  23:50:03,112 - #52 i
INFO  23:50:03,112 - #41 [
INFO  23:50:03,112 - #51 0
INFO  23:50:03,112 - #42 ]
INFO  23:50:03,112 - #12 =
INFO  23:50:03,112 - #51 2
INFO  23:50:03,112 - #5 ;
INFO  23:50:03,112 - #52 i
INFO  23:50:03,113 - #41 [
INFO  23:50:03,113 - #51 1
INFO  23:50:03,113 - #42 ]
INFO  23:50:03,113 - #12 =
INFO  23:50:03,113 - #51 3
INFO  23:50:03,113 - #5 ;
INFO  23:50:03,113 - #52 i
INFO  23:50:03,113 - #41 [
INFO  23:50:03,113 - #51 2
INFO  23:50:03,113 - #42 ]
INFO  23:50:03,113 - #12 =
INFO  23:50:03,113 - #51 1
INFO  23:50:03,113 - #5 ;
INFO  23:50:03,113 - #9 print
INFO  23:50:03,113 - #6 (
INFO  23:50:03,113 - #52 i
INFO  23:50:03,113 - #41 [
INFO  23:50:03,113 - #51 2
INFO  23:50:03,113 - #42 ]
INFO  23:50:03,114 - #7 )
INFO  23:50:03,114 - #5 ;
INFO  23:50:03,114 - #4 }
INFO  23:50:03,114 - #4 }
INFO  23:50:03,115 - Program(
  ProgramName(
   test301
  ) [ProgramName]
  EmptyConstVarDeclList_None(
  ) [EmptyConstVarDeclList_None]
  Start(
  ) [Start]
  MethodDecl_Multiple(
    MethodDecl_Multiple(
      MethodDecl_None(
      ) [MethodDecl_None]
      MethodDecl(
        ReturnType_Void(
        ) [ReturnType_Void]
        MethodName(
         f
        ) [MethodName]
        OptionalParams_None(
        ) [OptionalParams_None]
        VarDeclList_None(
        ) [VarDeclList_None]
        Statement_Multiple(
          Statement_Multiple(
            Statement_Multiple(
              Statement_None(
              ) [Statement_None]
              StatementWrapper(
                PrintStatement(
                  Expr_Term(
                    Term_Factor(
                      Factor_NumConst(
                       5
                      ) [Factor_NumConst]
                    ) [Term_Factor]
                  ) [Expr_Term]
                  PrintNumConst_None(
                  ) [PrintNumConst_None]
                ) [PrintStatement]
              ) [StatementWrapper]
            ) [Statement_Multiple]
            StatementWrapper(
              PrintStatement(
                Expr_Term(
                  Term_Factor(
                    Factor_NumConst(
                     6
                    ) [Factor_NumConst]
                  ) [Term_Factor]
                ) [Expr_Term]
                PrintNumConst_None(
                ) [PrintNumConst_None]
              ) [PrintStatement]
            ) [StatementWrapper]
          ) [Statement_Multiple]
          StatementWrapper(
            PrintStatement(
              Expr_Term(
                Term_Factor(
                  Factor_NumConst(
                   7
                  ) [Factor_NumConst]
                ) [Term_Factor]
              ) [Expr_Term]
              PrintNumConst_None(
              ) [PrintNumConst_None]
            ) [PrintStatement]
          ) [StatementWrapper]
        ) [Statement_Multiple]
      ) [MethodDecl]
    ) [MethodDecl_Multiple]
    MethodDecl(
      ReturnType_Void(
      ) [ReturnType_Void]
      MethodName(
       main
      ) [MethodName]
      OptionalParams_None(
      ) [OptionalParams_None]
      VarDeclList_Multiple(
        VarDeclList_Multiple(
          VarDeclList_None(
          ) [VarDeclList_None]
          VarDecl_OneOrMany(
            Type(
             int
            ) [Type]
            Var_Array(
             i
            ) [Var_Array]
            Var_None(
            ) [Var_None]
          ) [VarDecl_OneOrMany]
        ) [VarDeclList_Multiple]
        VarDecl_OneOrMany(
          Type(
           int
          ) [Type]
          Var_Single(
           k
          ) [Var_Single]
          Var_None(
          ) [Var_None]
        ) [VarDecl_OneOrMany]
      ) [VarDeclList_Multiple]
      Statement_Multiple(
        Statement_Multiple(
          Statement_Multiple(
            Statement_Multiple(
              Statement_Multiple(
                Statement_Multiple(
                  Statement_Multiple(
                    Statement_None(
                    ) [Statement_None]
                    StatementWrapper(
                      DesignatorStatement_(
                        DesignatorStatement_Assign(
                          Designator_Single(
                           i
                          ) [Designator_Single]
                          Assign(
                          ) [Assign]
                          Expr_Term(
                            Term_Factor(
                              Factor_NewArray(
                                Type(
                                 int
                                ) [Type]
                                Expr_Term(
                                  Term_Factor(
                                    Factor_NumConst(
                                     3
                                    ) [Factor_NumConst]
                                  ) [Term_Factor]
                                ) [Expr_Term]
                              ) [Factor_NewArray]
                            ) [Term_Factor]
                          ) [Expr_Term]
                        ) [DesignatorStatement_Assign]
                      ) [DesignatorStatement_]
                    ) [StatementWrapper]
                  ) [Statement_Multiple]
                  StatementWrapper(
                    SkipStatement(
                     4
                    ) [SkipStatement]
                  ) [StatementWrapper]
                ) [Statement_Multiple]
                StatementWrapper(
                  DesignatorStatement_(
                    DesignatorStatement_ActPars(
                      Designator_Single(
                       f
                      ) [Designator_Single]
                      DesignatorFuncCallStart(
                      ) [DesignatorFuncCallStart]
                      OptionalActPars_None(
                      ) [OptionalActPars_None]
                    ) [DesignatorStatement_ActPars]
                  ) [DesignatorStatement_]
                ) [StatementWrapper]
              ) [Statement_Multiple]
              StatementWrapper(
                DesignatorStatement_(
                  DesignatorStatement_Assign(
                    Designator_Array(
                      DesignatorArrayName(
                        Designator_Single(
                         i
                        ) [Designator_Single]
                      ) [DesignatorArrayName]
                      Expr_Term(
                        Term_Factor(
                          Factor_NumConst(
                           0
                          ) [Factor_NumConst]
                        ) [Term_Factor]
                      ) [Expr_Term]
                    ) [Designator_Array]
                    Assign(
                    ) [Assign]
                    Expr_Term(
                      Term_Factor(
                        Factor_NumConst(
                         2
                        ) [Factor_NumConst]
                      ) [Term_Factor]
                    ) [Expr_Term]
                  ) [DesignatorStatement_Assign]
                ) [DesignatorStatement_]
              ) [StatementWrapper]
            ) [Statement_Multiple]
            StatementWrapper(
              DesignatorStatement_(
                DesignatorStatement_Assign(
                  Designator_Array(
                    DesignatorArrayName(
                      Designator_Single(
                       i
                      ) [Designator_Single]
                    ) [DesignatorArrayName]
                    Expr_Term(
                      Term_Factor(
                        Factor_NumConst(
                         1
                        ) [Factor_NumConst]
                      ) [Term_Factor]
                    ) [Expr_Term]
                  ) [Designator_Array]
                  Assign(
                  ) [Assign]
                  Expr_Term(
                    Term_Factor(
                      Factor_NumConst(
                       3
                      ) [Factor_NumConst]
                    ) [Term_Factor]
                  ) [Expr_Term]
                ) [DesignatorStatement_Assign]
              ) [DesignatorStatement_]
            ) [StatementWrapper]
          ) [Statement_Multiple]
          StatementWrapper(
            DesignatorStatement_(
              DesignatorStatement_Assign(
                Designator_Array(
                  DesignatorArrayName(
                    Designator_Single(
                     i
                    ) [Designator_Single]
                  ) [DesignatorArrayName]
                  Expr_Term(
                    Term_Factor(
                      Factor_NumConst(
                       2
                      ) [Factor_NumConst]
                    ) [Term_Factor]
                  ) [Expr_Term]
                ) [Designator_Array]
                Assign(
                ) [Assign]
                Expr_Term(
                  Term_Factor(
                    Factor_NumConst(
                     1
                    ) [Factor_NumConst]
                  ) [Term_Factor]
                ) [Expr_Term]
              ) [DesignatorStatement_Assign]
            ) [DesignatorStatement_]
          ) [StatementWrapper]
        ) [Statement_Multiple]
        StatementWrapper(
          PrintStatement(
            Expr_Term(
              Term_Factor(
                Factor_Designator(
                  Designator_Array(
                    DesignatorArrayName(
                      Designator_Single(
                       i
                      ) [Designator_Single]
                    ) [DesignatorArrayName]
                    Expr_Term(
                      Term_Factor(
                        Factor_NumConst(
                         2
                        ) [Factor_NumConst]
                      ) [Term_Factor]
                    ) [Expr_Term]
                  ) [Designator_Array]
                ) [Factor_Designator]
              ) [Term_Factor]
            ) [Expr_Term]
            PrintNumConst_None(
            ) [PrintNumConst_None]
          ) [PrintStatement]
        ) [StatementWrapper]
      ) [Statement_Multiple]
    ) [MethodDecl]
  ) [MethodDecl_Multiple]
) [Program]
Aug 23, 2023 11:50:03 PM rs.ac.bg.etf.pp1.SemanticAnalyzer visit
INFO: Proveravam koliko puta je koriscen i
=====================SYMBOL TABLE DUMP=========================
Type int: int, -1, -1 
Type char: char, -1, -1 
Con eol: char, 10, 0 
Con null: Class [], 0, 0 
Meth chr: char, 0, 1 
   Var i: int, 0, 1 

Meth ord: int, 0, 1 
   Var ch: char, 0, 1 

Meth len: int, 0, 1 
   Var arr: Arr of notype, 0, 1 

Type bool: , 0, 1 
Prog test301: notype, 0, 1 
   Meth f: notype, 0, 0 

   Meth main: notype, 0, 0 
      Var i: Arr of int, 0, 1 
      Var k: int, 1, 1 



INFO  23:50:03,156 - ===================================
INFO  23:50:03,160 - Kod uspesno generisan
